0 verbose cli C:\Program Files\nodejs\node.exe C:\Users\ihebc\AppData\Roaming\npm\node_modules\npm\bin\npm-cli.js
1 info using npm@10.6.0
2 info using node@v20.14.0
3 silly config:load:file:C:\Users\ihebc\AppData\Roaming\npm\node_modules\npm\npmrc
4 silly config:load:file:C:\REMED\.npmrc
5 silly config:load:file:C:\Users\ihebc\.npmrc
6 silly config:load:file:C:\Users\ihebc\AppData\Roaming\npm\etc\npmrc
7 verbose title npm star
8 verbose argv "star"
9 verbose logfile logs-max:10 dir:C:\REMED\clean\_logs\2024-07-15T18_24_03_552Z-
10 verbose logfile C:\REMED\clean\_logs\2024-07-15T18_24_03_552Z-debug-0.log
11 verbose stack Error: 
11 verbose stack Mark your favorite packages
11 verbose stack
11 verbose stack Usage:
11 verbose stack npm star [<package-spec>...]
11 verbose stack
11 verbose stack Options:
11 verbose stack [--registry <registry>] [--unicode] [--otp <otp>]
11 verbose stack
11 verbose stack Run "npm help star" for more info
11 verbose stack     at Star.usageError (C:\Users\ihebc\AppData\Roaming\npm\node_modules\npm\lib\base-cmd.js:109:26)
11 verbose stack     at Star.exec (C:\Users\ihebc\AppData\Roaming\npm\node_modules\npm\lib\commands\star.js:21:18)
11 verbose stack     at Star.cmdExec (C:\Users\ihebc\AppData\Roaming\npm\node_modules\npm\lib\base-cmd.js:138:17)
11 verbose stack     at C:\Users\ihebc\AppData\Roaming\npm\node_modules\npm\lib\npm.js:92:55
11 verbose stack     at Object.start (C:\Users\ihebc\AppData\Roaming\npm\node_modules\npm\node_modules\proc-log\lib\index.js:101:21)
11 verbose stack     at Npm.exec (C:\Users\ihebc\AppData\Roaming\npm\node_modules\npm\lib\npm.js:92:17)
11 verbose stack     at module.exports (C:\Users\ihebc\AppData\Roaming\npm\node_modules\npm\lib\cli\entry.js:65:29)
12 verbose cwd C:\REMED
13 verbose Windows_NT 10.0.22631
14 verbose node v20.14.0
15 verbose npm  v10.6.0
16 error code EUSAGE
17 error
17 error Mark your favorite packages
17 error
17 error Usage:
17 error npm star [<package-spec>...]
17 error
17 error Options:
17 error [--registry <registry>] [--unicode] [--otp <otp>]
17 error
17 error Run "npm help star" for more info
18 verbose exit 1
19 verbose code 1
20 error A complete log of this run can be found in: C:\REMED\clean\_logs\2024-07-15T18_24_03_552Z-debug-0.log
