0 verbose cli C:\Program Files\nodejs\node.exe C:\Users\ihebc\AppData\Roaming\npm\node_modules\npm\bin\npm-cli.js
1 info using npm@10.6.0
2 info using node@v20.14.0
3 silly config:load:file:C:\Users\ihebc\AppData\Roaming\npm\node_modules\npm\npmrc
4 silly config:load:file:C:\REMED\.npmrc
5 silly config:load:file:C:\Users\ihebc\.npmrc
6 silly config:load:file:C:\Users\ihebc\AppData\Roaming\npm\etc\npmrc
7 verbose title npm start
8 verbose argv "start"
9 verbose logfile logs-max:10 dir:C:\REMED\clean\_logs\2024-07-14T16_42_57_796Z-
10 verbose logfile C:\REMED\clean\_logs\2024-07-14T16_42_57_796Z-debug-0.log
11 silly logfile start cleaning logs, removing 1 files
12 silly logfile done cleaning log files
13 http fetch GET 200 https://registry.npmjs.org/npm 1010ms
14 notice
14 notice New [33mminor[39m version of npm available! [33m10.6.0[39m -> [34m10.8.2[39m
14 notice Changelog: [34mhttps://github.com/npm/cli/releases/tag/v10.8.2[39m
14 notice To update run: [4mnpm install -g npm@10.8.2[24m
14 notice  { force: true, [Symbol(proc-log.meta)]: true }
15 verbose exit 0
16 info ok
